<?xml version="1.0" encoding="UTF-8"?>
<testsuite xmlns:xsi="http://www.w3.org/2001/XMLSchema-instance" xsi:noNamespaceSchemaLocation="https://maven.apache.org/surefire/maven-surefire-plugin/xsd/surefire-test-report-3.0.xsd" version="3.0" name="TestSuite" time="55.05" tests="7" errors="0" skipped="0" failures="2">
  <properties>
    <property name="java.specification.version" value="23"/>
    <property name="sun.jnu.encoding" value="UTF-8"/>
    <property name="java.class.path" value="/Users/hira.wahid/UITestFramework/target/test-classes:/Users/hira.wahid/UITestFramework/target/classes:/Users/hira.wahid/.m2/repository/org/slf4j/slf4j-api/2.0.9/slf4j-api-2.0.9.jar:/Users/hira.wahid/.m2/repository/org/slf4j/slf4j-reload4j/2.0.9/slf4j-reload4j-2.0.9.jar:/Users/hira.wahid/.m2/repository/ch/qos/reload4j/reload4j/1.2.22/reload4j-1.2.22.jar:/Users/hira.wahid/.m2/repository/log4j/log4j/1.2.17/log4j-1.2.17.jar:/Users/hira.wahid/.m2/repository/org/seleniumhq/selenium/selenium-java/4.4.0/selenium-java-4.4.0.jar:/Users/hira.wahid/.m2/repository/org/seleniumhq/selenium/selenium-api/4.4.0/selenium-api-4.4.0.jar:/Users/hira.wahid/.m2/repository/org/seleniumhq/selenium/selenium-chrome-driver/4.4.0/selenium-chrome-driver-4.4.0.jar:/Users/hira.wahid/.m2/repository/com/google/auto/service/auto-service-annotations/1.0.1/auto-service-annotations-1.0.1.jar:/Users/hira.wahid/.m2/repository/com/google/auto/service/auto-service/1.0.1/auto-service-1.0.1.jar:/Users/hira.wahid/.m2/repository/com/google/auto/auto-common/1.2/auto-common-1.2.jar:/Users/hira.wahid/.m2/repository/com/google/guava/guava/31.1-jre/guava-31.1-jre.jar:/Users/hira.wahid/.m2/repository/com/google/guava/failureaccess/1.0.1/failureaccess-1.0.1.jar:/Users/hira.wahid/.m2/repository/com/google/guava/listenablefuture/9999.0-empty-to-avoid-conflict-with-guava/listenablefuture-9999.0-empty-to-avoid-conflict-with-guava.jar:/Users/hira.wahid/.m2/repository/com/google/code/findbugs/jsr305/3.0.2/jsr305-3.0.2.jar:/Users/hira.wahid/.m2/repository/org/checkerframework/checker-qual/3.12.0/checker-qual-3.12.0.jar:/Users/hira.wahid/.m2/repository/com/google/errorprone/error_prone_annotations/2.11.0/error_prone_annotations-2.11.0.jar:/Users/hira.wahid/.m2/repository/com/google/j2objc/j2objc-annotations/1.3/j2objc-annotations-1.3.jar:/Users/hira.wahid/.m2/repository/org/seleniumhq/selenium/selenium-chromium-driver/4.4.0/selenium-chromium-driver-4.4.0.jar:/Users/hira.wahid/.m2/repository/org/seleniumhq/selenium/selenium-json/4.4.0/selenium-json-4.4.0.jar:/Users/hira.wahid/.m2/repository/org/seleniumhq/selenium/selenium-devtools-v102/4.4.0/selenium-devtools-v102-4.4.0.jar:/Users/hira.wahid/.m2/repository/org/seleniumhq/selenium/selenium-devtools-v103/4.4.0/selenium-devtools-v103-4.4.0.jar:/Users/hira.wahid/.m2/repository/org/seleniumhq/selenium/selenium-devtools-v104/4.4.0/selenium-devtools-v104-4.4.0.jar:/Users/hira.wahid/.m2/repository/org/seleniumhq/selenium/selenium-devtools-v85/4.4.0/selenium-devtools-v85-4.4.0.jar:/Users/hira.wahid/.m2/repository/org/seleniumhq/selenium/selenium-edge-driver/4.4.0/selenium-edge-driver-4.4.0.jar:/Users/hira.wahid/.m2/repository/org/seleniumhq/selenium/selenium-firefox-driver/4.4.0/selenium-firefox-driver-4.4.0.jar:/Users/hira.wahid/.m2/repository/org/seleniumhq/selenium/selenium-ie-driver/4.4.0/selenium-ie-driver-4.4.0.jar:/Users/hira.wahid/.m2/repository/org/seleniumhq/selenium/selenium-opera-driver/4.4.0/selenium-opera-driver-4.4.0.jar:/Users/hira.wahid/.m2/repository/org/seleniumhq/selenium/selenium-remote-driver/4.4.0/selenium-remote-driver-4.4.0.jar:/Users/hira.wahid/.m2/repository/io/netty/netty-buffer/4.1.78.Final/netty-buffer-4.1.78.Final.jar:/Users/hira.wahid/.m2/repository/io/netty/netty-codec-http/4.1.78.Final/netty-codec-http-4.1.78.Final.jar:/Users/hira.wahid/.m2/repository/io/netty/netty-codec/4.1.78.Final/netty-codec-4.1.78.Final.jar:/Users/hira.wahid/.m2/repository/io/netty/netty-handler/4.1.78.Final/netty-handler-4.1.78.Final.jar:/Users/hira.wahid/.m2/repository/io/netty/netty-common/4.1.78.Final/netty-common-4.1.78.Final.jar:/Users/hira.wahid/.m2/repository/io/netty/netty-transport-classes-epoll/4.1.78.Final/netty-transport-classes-epoll-4.1.78.Final.jar:/Users/hira.wahid/.m2/repository/io/netty/netty-transport-classes-kqueue/4.1.78.Final/netty-transport-classes-kqueue-4.1.78.Final.jar:/Users/hira.wahid/.m2/repository/io/netty/netty-transport-native-epoll/4.1.78.Final/netty-transport-native-epoll-4.1.78.Final.jar:/Users/hira.wahid/.m2/repository/io/netty/netty-transport-native-kqueue/4.1.78.Final/netty-transport-native-kqueue-4.1.78.Final.jar:/Users/hira.wahid/.m2/repository/io/netty/netty-transport-native-unix-common/4.1.78.Final/netty-transport-native-unix-common-4.1.78.Final.jar:/Users/hira.wahid/.m2/repository/io/netty/netty-transport/4.1.78.Final/netty-transport-4.1.78.Final.jar:/Users/hira.wahid/.m2/repository/io/netty/netty-resolver/4.1.78.Final/netty-resolver-4.1.78.Final.jar:/Users/hira.wahid/.m2/repository/io/opentelemetry/opentelemetry-api/1.16.0/opentelemetry-api-1.16.0.jar:/Users/hira.wahid/.m2/repository/io/opentelemetry/opentelemetry-context/1.16.0/opentelemetry-context-1.16.0.jar:/Users/hira.wahid/.m2/repository/io/opentelemetry/opentelemetry-exporter-logging/1.16.0/opentelemetry-exporter-logging-1.16.0.jar:/Users/hira.wahid/.m2/repository/io/opentelemetry/opentelemetry-sdk-metrics/1.16.0/opentelemetry-sdk-metrics-1.16.0.jar:/Users/hira.wahid/.m2/repository/io/opentelemetry/opentelemetry-sdk-logs/1.16.0-alpha/opentelemetry-sdk-logs-1.16.0-alpha.jar:/Users/hira.wahid/.m2/repository/io/opentelemetry/opentelemetry-sdk-common/1.16.0/opentelemetry-sdk-common-1.16.0.jar:/Users/hira.wahid/.m2/repository/io/opentelemetry/opentelemetry-sdk-extension-autoconfigure-spi/1.16.0/opentelemetry-sdk-extension-autoconfigure-spi-1.16.0.jar:/Users/hira.wahid/.m2/repository/io/opentelemetry/opentelemetry-sdk-extension-autoconfigure/1.16.0-alpha/opentelemetry-sdk-extension-autoconfigure-1.16.0-alpha.jar:/Users/hira.wahid/.m2/repository/io/opentelemetry/opentelemetry-sdk-trace/1.16.0/opentelemetry-sdk-trace-1.16.0.jar:/Users/hira.wahid/.m2/repository/io/opentelemetry/opentelemetry-sdk/1.16.0/opentelemetry-sdk-1.16.0.jar:/Users/hira.wahid/.m2/repository/io/opentelemetry/opentelemetry-semconv/1.16.0-alpha/opentelemetry-semconv-1.16.0-alpha.jar:/Users/hira.wahid/.m2/repository/io/ous/jtoml/2.0.0/jtoml-2.0.0.jar:/Users/hira.wahid/.m2/repository/net/bytebuddy/byte-buddy/1.12.10/byte-buddy-1.12.10.jar:/Users/hira.wahid/.m2/repository/org/apache/commons/commons-exec/1.3/commons-exec-1.3.jar:/Users/hira.wahid/.m2/repository/org/asynchttpclient/async-http-client/2.12.3/async-http-client-2.12.3.jar:/Users/hira.wahid/.m2/repository/org/asynchttpclient/async-http-client-netty-utils/2.12.3/async-http-client-netty-utils-2.12.3.jar:/Users/hira.wahid/.m2/repository/io/netty/netty-codec-socks/4.1.60.Final/netty-codec-socks-4.1.60.Final.jar:/Users/hira.wahid/.m2/repository/io/netty/netty-handler-proxy/4.1.60.Final/netty-handler-proxy-4.1.60.Final.jar:/Users/hira.wahid/.m2/repository/io/netty/netty-transport-native-epoll/4.1.60.Final/netty-transport-native-epoll-4.1.60.Final-linux-x86_64.jar:/Users/hira.wahid/.m2/repository/io/netty/netty-transport-native-kqueue/4.1.60.Final/netty-transport-native-kqueue-4.1.60.Final-osx-x86_64.jar:/Users/hira.wahid/.m2/repository/org/reactivestreams/reactive-streams/1.0.3/reactive-streams-1.0.3.jar:/Users/hira.wahid/.m2/repository/com/typesafe/netty/netty-reactive-streams/2.0.4/netty-reactive-streams-2.0.4.jar:/Users/hira.wahid/.m2/repository/com/sun/activation/jakarta.activation/1.2.2/jakarta.activation-1.2.2.jar:/Users/hira.wahid/.m2/repository/org/seleniumhq/selenium/selenium-http/4.4.0/selenium-http-4.4.0.jar:/Users/hira.wahid/.m2/repository/dev/failsafe/failsafe/3.2.4/failsafe-3.2.4.jar:/Users/hira.wahid/.m2/repository/org/seleniumhq/selenium/selenium-safari-driver/4.4.0/selenium-safari-driver-4.4.0.jar:/Users/hira.wahid/.m2/repository/org/seleniumhq/selenium/selenium-support/4.4.0/selenium-support-4.4.0.jar:/Users/hira.wahid/.m2/repository/io/github/bonigarcia/webdrivermanager/5.5.0/webdrivermanager-5.5.0.jar:/Users/hira.wahid/.m2/repository/com/google/code/gson/gson/2.10.1/gson-2.10.1.jar:/Users/hira.wahid/.m2/repository/com/github/docker-java/docker-java/3.3.3/docker-java-3.3.3.jar:/Users/hira.wahid/.m2/repository/com/github/docker-java/docker-java-core/3.3.3/docker-java-core-3.3.3.jar:/Users/hira.wahid/.m2/repository/com/github/docker-java/docker-java-api/3.3.3/docker-java-api-3.3.3.jar:/Users/hira.wahid/.m2/repository/com/fasterxml/jackson/core/jackson-annotations/2.10.3/jackson-annotations-2.10.3.jar:/Users/hira.wahid/.m2/repository/commons-io/commons-io/2.6/commons-io-2.6.jar:/Users/hira.wahid/.m2/repository/org/apache/commons/commons-compress/1.21/commons-compress-1.21.jar:/Users/hira.wahid/.m2/repository/com/fasterxml/jackson/core/jackson-databind/2.10.3/jackson-databind-2.10.3.jar:/Users/hira.wahid/.m2/repository/com/fasterxml/jackson/core/jackson-core/2.10.3/jackson-core-2.10.3.jar:/Users/hira.wahid/.m2/repository/org/bouncycastle/bcpkix-jdk18on/1.75/bcpkix-jdk18on-1.75.jar:/Users/hira.wahid/.m2/repository/org/bouncycastle/bcprov-jdk18on/1.75/bcprov-jdk18on-1.75.jar:/Users/hira.wahid/.m2/repository/org/bouncycastle/bcutil-jdk18on/1.75/bcutil-jdk18on-1.75.jar:/Users/hira.wahid/.m2/repository/org/slf4j/jcl-over-slf4j/1.7.30/jcl-over-slf4j-1.7.30.jar:/Users/hira.wahid/.m2/repository/com/github/docker-java/docker-java-transport-httpclient5/3.3.3/docker-java-transport-httpclient5-3.3.3.jar:/Users/hira.wahid/.m2/repository/com/github/docker-java/docker-java-transport/3.3.3/docker-java-transport-3.3.3.jar:/Users/hira.wahid/.m2/repository/net/java/dev/jna/jna/5.12.1/jna-5.12.1.jar:/Users/hira.wahid/.m2/repository/org/brotli/dec/0.1.2/dec-0.1.2.jar:/Users/hira.wahid/.m2/repository/org/apache/commons/commons-lang3/3.13.0/commons-lang3-3.13.0.jar:/Users/hira.wahid/.m2/repository/org/apache/httpcomponents/client5/httpclient5/5.2.1/httpclient5-5.2.1.jar:/Users/hira.wahid/.m2/repository/org/apache/httpcomponents/core5/httpcore5/5.2/httpcore5-5.2.jar:/Users/hira.wahid/.m2/repository/org/apache/httpcomponents/core5/httpcore5-h2/5.2/httpcore5-h2-5.2.jar:/Users/hira.wahid/.m2/repository/org/testng/testng/7.7.1/testng-7.7.1.jar:/Users/hira.wahid/.m2/repository/com/beust/jcommander/1.82/jcommander-1.82.jar:/Users/hira.wahid/.m2/repository/org/webjars/jquery/3.6.1/jquery-3.6.1.jar:/Users/hira.wahid/.m2/repository/io/qameta/allure/allure-testng/2.25.0/allure-testng-2.25.0.jar:/Users/hira.wahid/.m2/repository/io/qameta/allure/allure-test-filter/2.25.0/allure-test-filter-2.25.0.jar:/Users/hira.wahid/.m2/repository/io/rest-assured/rest-assured/5.3.0/rest-assured-5.3.0.jar:/Users/hira.wahid/.m2/repository/org/apache/groovy/groovy/4.0.6/groovy-4.0.6.jar:/Users/hira.wahid/.m2/repository/org/apache/groovy/groovy-xml/4.0.6/groovy-xml-4.0.6.jar:/Users/hira.wahid/.m2/repository/org/apache/httpcomponents/httpclient/4.5.13/httpclient-4.5.13.jar:/Users/hira.wahid/.m2/repository/org/apache/httpcomponents/httpcore/4.4.13/httpcore-4.4.13.jar:/Users/hira.wahid/.m2/repository/commons-logging/commons-logging/1.2/commons-logging-1.2.jar:/Users/hira.wahid/.m2/repository/commons-codec/commons-codec/1.11/commons-codec-1.11.jar:/Users/hira.wahid/.m2/repository/org/apache/httpcomponents/httpmime/4.5.13/httpmime-4.5.13.jar:/Users/hira.wahid/.m2/repository/org/hamcrest/hamcrest/2.1/hamcrest-2.1.jar:/Users/hira.wahid/.m2/repository/org/ccil/cowan/tagsoup/tagsoup/1.2.1/tagsoup-1.2.1.jar:/Users/hira.wahid/.m2/repository/io/rest-assured/json-path/5.3.0/json-path-5.3.0.jar:/Users/hira.wahid/.m2/repository/org/apache/groovy/groovy-json/4.0.6/groovy-json-4.0.6.jar:/Users/hira.wahid/.m2/repository/io/rest-assured/rest-assured-common/5.3.0/rest-assured-common-5.3.0.jar:/Users/hira.wahid/.m2/repository/io/rest-assured/xml-path/5.3.0/xml-path-5.3.0.jar:/Users/hira.wahid/.m2/repository/org/json/json/20250107/json-20250107.jar:/Users/hira.wahid/.m2/repository/io/qameta/allure/allure-java-commons/2.25.0/allure-java-commons-2.25.0.jar:/Users/hira.wahid/.m2/repository/io/qameta/allure/allure-model/2.25.0/allure-model-2.25.0.jar:"/>
    <property name="java.vm.vendor" value="Homebrew"/>
    <property name="sun.arch.data.model" value="64"/>
    <property name="java.vendor.url" value="https://github.com/Homebrew/homebrew-core/issues"/>
    <property name="user.timezone" value="Asia/Riyadh"/>
    <property name="suiteXmlFile" value="testng.xml"/>
    <property name="os.name" value="Mac OS X"/>
    <property name="java.vm.specification.version" value="23"/>
    <property name="sun.java.launcher" value="SUN_STANDARD"/>
    <property name="user.country" value="SA"/>
    <property name="sun.boot.library.path" value="/opt/homebrew/Cellar/openjdk/23.0.2/libexec/openjdk.jdk/Contents/Home/lib"/>
    <property name="sun.java.command" value="/Users/hira.wahid/UITestFramework/target/surefire/surefirebooter-20250421175833774_3.jar /Users/hira.wahid/UITestFramework/target/surefire 2025-04-21T17-58-33_645-jvmRun1 surefire-20250421175833774_1tmp surefire_0-20250421175833774_2tmp"/>
    <property name="jdk.debug" value="release"/>
    <property name="surefire.test.class.path" value="/Users/hira.wahid/UITestFramework/target/test-classes:/Users/hira.wahid/UITestFramework/target/classes:/Users/hira.wahid/.m2/repository/org/slf4j/slf4j-api/2.0.9/slf4j-api-2.0.9.jar:/Users/hira.wahid/.m2/repository/org/slf4j/slf4j-reload4j/2.0.9/slf4j-reload4j-2.0.9.jar:/Users/hira.wahid/.m2/repository/ch/qos/reload4j/reload4j/1.2.22/reload4j-1.2.22.jar:/Users/hira.wahid/.m2/repository/log4j/log4j/1.2.17/log4j-1.2.17.jar:/Users/hira.wahid/.m2/repository/org/seleniumhq/selenium/selenium-java/4.4.0/selenium-java-4.4.0.jar:/Users/hira.wahid/.m2/repository/org/seleniumhq/selenium/selenium-api/4.4.0/selenium-api-4.4.0.jar:/Users/hira.wahid/.m2/repository/org/seleniumhq/selenium/selenium-chrome-driver/4.4.0/selenium-chrome-driver-4.4.0.jar:/Users/hira.wahid/.m2/repository/com/google/auto/service/auto-service-annotations/1.0.1/auto-service-annotations-1.0.1.jar:/Users/hira.wahid/.m2/repository/com/google/auto/service/auto-service/1.0.1/auto-service-1.0.1.jar:/Users/hira.wahid/.m2/repository/com/google/auto/auto-common/1.2/auto-common-1.2.jar:/Users/hira.wahid/.m2/repository/com/google/guava/guava/31.1-jre/guava-31.1-jre.jar:/Users/hira.wahid/.m2/repository/com/google/guava/failureaccess/1.0.1/failureaccess-1.0.1.jar:/Users/hira.wahid/.m2/repository/com/google/guava/listenablefuture/9999.0-empty-to-avoid-conflict-with-guava/listenablefuture-9999.0-empty-to-avoid-conflict-with-guava.jar:/Users/hira.wahid/.m2/repository/com/google/code/findbugs/jsr305/3.0.2/jsr305-3.0.2.jar:/Users/hira.wahid/.m2/repository/org/checkerframework/checker-qual/3.12.0/checker-qual-3.12.0.jar:/Users/hira.wahid/.m2/repository/com/google/errorprone/error_prone_annotations/2.11.0/error_prone_annotations-2.11.0.jar:/Users/hira.wahid/.m2/repository/com/google/j2objc/j2objc-annotations/1.3/j2objc-annotations-1.3.jar:/Users/hira.wahid/.m2/repository/org/seleniumhq/selenium/selenium-chromium-driver/4.4.0/selenium-chromium-driver-4.4.0.jar:/Users/hira.wahid/.m2/repository/org/seleniumhq/selenium/selenium-json/4.4.0/selenium-json-4.4.0.jar:/Users/hira.wahid/.m2/repository/org/seleniumhq/selenium/selenium-devtools-v102/4.4.0/selenium-devtools-v102-4.4.0.jar:/Users/hira.wahid/.m2/repository/org/seleniumhq/selenium/selenium-devtools-v103/4.4.0/selenium-devtools-v103-4.4.0.jar:/Users/hira.wahid/.m2/repository/org/seleniumhq/selenium/selenium-devtools-v104/4.4.0/selenium-devtools-v104-4.4.0.jar:/Users/hira.wahid/.m2/repository/org/seleniumhq/selenium/selenium-devtools-v85/4.4.0/selenium-devtools-v85-4.4.0.jar:/Users/hira.wahid/.m2/repository/org/seleniumhq/selenium/selenium-edge-driver/4.4.0/selenium-edge-driver-4.4.0.jar:/Users/hira.wahid/.m2/repository/org/seleniumhq/selenium/selenium-firefox-driver/4.4.0/selenium-firefox-driver-4.4.0.jar:/Users/hira.wahid/.m2/repository/org/seleniumhq/selenium/selenium-ie-driver/4.4.0/selenium-ie-driver-4.4.0.jar:/Users/hira.wahid/.m2/repository/org/seleniumhq/selenium/selenium-opera-driver/4.4.0/selenium-opera-driver-4.4.0.jar:/Users/hira.wahid/.m2/repository/org/seleniumhq/selenium/selenium-remote-driver/4.4.0/selenium-remote-driver-4.4.0.jar:/Users/hira.wahid/.m2/repository/io/netty/netty-buffer/4.1.78.Final/netty-buffer-4.1.78.Final.jar:/Users/hira.wahid/.m2/repository/io/netty/netty-codec-http/4.1.78.Final/netty-codec-http-4.1.78.Final.jar:/Users/hira.wahid/.m2/repository/io/netty/netty-codec/4.1.78.Final/netty-codec-4.1.78.Final.jar:/Users/hira.wahid/.m2/repository/io/netty/netty-handler/4.1.78.Final/netty-handler-4.1.78.Final.jar:/Users/hira.wahid/.m2/repository/io/netty/netty-common/4.1.78.Final/netty-common-4.1.78.Final.jar:/Users/hira.wahid/.m2/repository/io/netty/netty-transport-classes-epoll/4.1.78.Final/netty-transport-classes-epoll-4.1.78.Final.jar:/Users/hira.wahid/.m2/repository/io/netty/netty-transport-classes-kqueue/4.1.78.Final/netty-transport-classes-kqueue-4.1.78.Final.jar:/Users/hira.wahid/.m2/repository/io/netty/netty-transport-native-epoll/4.1.78.Final/netty-transport-native-epoll-4.1.78.Final.jar:/Users/hira.wahid/.m2/repository/io/netty/netty-transport-native-kqueue/4.1.78.Final/netty-transport-native-kqueue-4.1.78.Final.jar:/Users/hira.wahid/.m2/repository/io/netty/netty-transport-native-unix-common/4.1.78.Final/netty-transport-native-unix-common-4.1.78.Final.jar:/Users/hira.wahid/.m2/repository/io/netty/netty-transport/4.1.78.Final/netty-transport-4.1.78.Final.jar:/Users/hira.wahid/.m2/repository/io/netty/netty-resolver/4.1.78.Final/netty-resolver-4.1.78.Final.jar:/Users/hira.wahid/.m2/repository/io/opentelemetry/opentelemetry-api/1.16.0/opentelemetry-api-1.16.0.jar:/Users/hira.wahid/.m2/repository/io/opentelemetry/opentelemetry-context/1.16.0/opentelemetry-context-1.16.0.jar:/Users/hira.wahid/.m2/repository/io/opentelemetry/opentelemetry-exporter-logging/1.16.0/opentelemetry-exporter-logging-1.16.0.jar:/Users/hira.wahid/.m2/repository/io/opentelemetry/opentelemetry-sdk-metrics/1.16.0/opentelemetry-sdk-metrics-1.16.0.jar:/Users/hira.wahid/.m2/repository/io/opentelemetry/opentelemetry-sdk-logs/1.16.0-alpha/opentelemetry-sdk-logs-1.16.0-alpha.jar:/Users/hira.wahid/.m2/repository/io/opentelemetry/opentelemetry-sdk-common/1.16.0/opentelemetry-sdk-common-1.16.0.jar:/Users/hira.wahid/.m2/repository/io/opentelemetry/opentelemetry-sdk-extension-autoconfigure-spi/1.16.0/opentelemetry-sdk-extension-autoconfigure-spi-1.16.0.jar:/Users/hira.wahid/.m2/repository/io/opentelemetry/opentelemetry-sdk-extension-autoconfigure/1.16.0-alpha/opentelemetry-sdk-extension-autoconfigure-1.16.0-alpha.jar:/Users/hira.wahid/.m2/repository/io/opentelemetry/opentelemetry-sdk-trace/1.16.0/opentelemetry-sdk-trace-1.16.0.jar:/Users/hira.wahid/.m2/repository/io/opentelemetry/opentelemetry-sdk/1.16.0/opentelemetry-sdk-1.16.0.jar:/Users/hira.wahid/.m2/repository/io/opentelemetry/opentelemetry-semconv/1.16.0-alpha/opentelemetry-semconv-1.16.0-alpha.jar:/Users/hira.wahid/.m2/repository/io/ous/jtoml/2.0.0/jtoml-2.0.0.jar:/Users/hira.wahid/.m2/repository/net/bytebuddy/byte-buddy/1.12.10/byte-buddy-1.12.10.jar:/Users/hira.wahid/.m2/repository/org/apache/commons/commons-exec/1.3/commons-exec-1.3.jar:/Users/hira.wahid/.m2/repository/org/asynchttpclient/async-http-client/2.12.3/async-http-client-2.12.3.jar:/Users/hira.wahid/.m2/repository/org/asynchttpclient/async-http-client-netty-utils/2.12.3/async-http-client-netty-utils-2.12.3.jar:/Users/hira.wahid/.m2/repository/io/netty/netty-codec-socks/4.1.60.Final/netty-codec-socks-4.1.60.Final.jar:/Users/hira.wahid/.m2/repository/io/netty/netty-handler-proxy/4.1.60.Final/netty-handler-proxy-4.1.60.Final.jar:/Users/hira.wahid/.m2/repository/io/netty/netty-transport-native-epoll/4.1.60.Final/netty-transport-native-epoll-4.1.60.Final-linux-x86_64.jar:/Users/hira.wahid/.m2/repository/io/netty/netty-transport-native-kqueue/4.1.60.Final/netty-transport-native-kqueue-4.1.60.Final-osx-x86_64.jar:/Users/hira.wahid/.m2/repository/org/reactivestreams/reactive-streams/1.0.3/reactive-streams-1.0.3.jar:/Users/hira.wahid/.m2/repository/com/typesafe/netty/netty-reactive-streams/2.0.4/netty-reactive-streams-2.0.4.jar:/Users/hira.wahid/.m2/repository/com/sun/activation/jakarta.activation/1.2.2/jakarta.activation-1.2.2.jar:/Users/hira.wahid/.m2/repository/org/seleniumhq/selenium/selenium-http/4.4.0/selenium-http-4.4.0.jar:/Users/hira.wahid/.m2/repository/dev/failsafe/failsafe/3.2.4/failsafe-3.2.4.jar:/Users/hira.wahid/.m2/repository/org/seleniumhq/selenium/selenium-safari-driver/4.4.0/selenium-safari-driver-4.4.0.jar:/Users/hira.wahid/.m2/repository/org/seleniumhq/selenium/selenium-support/4.4.0/selenium-support-4.4.0.jar:/Users/hira.wahid/.m2/repository/io/github/bonigarcia/webdrivermanager/5.5.0/webdrivermanager-5.5.0.jar:/Users/hira.wahid/.m2/repository/com/google/code/gson/gson/2.10.1/gson-2.10.1.jar:/Users/hira.wahid/.m2/repository/com/github/docker-java/docker-java/3.3.3/docker-java-3.3.3.jar:/Users/hira.wahid/.m2/repository/com/github/docker-java/docker-java-core/3.3.3/docker-java-core-3.3.3.jar:/Users/hira.wahid/.m2/repository/com/github/docker-java/docker-java-api/3.3.3/docker-java-api-3.3.3.jar:/Users/hira.wahid/.m2/repository/com/fasterxml/jackson/core/jackson-annotations/2.10.3/jackson-annotations-2.10.3.jar:/Users/hira.wahid/.m2/repository/commons-io/commons-io/2.6/commons-io-2.6.jar:/Users/hira.wahid/.m2/repository/org/apache/commons/commons-compress/1.21/commons-compress-1.21.jar:/Users/hira.wahid/.m2/repository/com/fasterxml/jackson/core/jackson-databind/2.10.3/jackson-databind-2.10.3.jar:/Users/hira.wahid/.m2/repository/com/fasterxml/jackson/core/jackson-core/2.10.3/jackson-core-2.10.3.jar:/Users/hira.wahid/.m2/repository/org/bouncycastle/bcpkix-jdk18on/1.75/bcpkix-jdk18on-1.75.jar:/Users/hira.wahid/.m2/repository/org/bouncycastle/bcprov-jdk18on/1.75/bcprov-jdk18on-1.75.jar:/Users/hira.wahid/.m2/repository/org/bouncycastle/bcutil-jdk18on/1.75/bcutil-jdk18on-1.75.jar:/Users/hira.wahid/.m2/repository/org/slf4j/jcl-over-slf4j/1.7.30/jcl-over-slf4j-1.7.30.jar:/Users/hira.wahid/.m2/repository/com/github/docker-java/docker-java-transport-httpclient5/3.3.3/docker-java-transport-httpclient5-3.3.3.jar:/Users/hira.wahid/.m2/repository/com/github/docker-java/docker-java-transport/3.3.3/docker-java-transport-3.3.3.jar:/Users/hira.wahid/.m2/repository/net/java/dev/jna/jna/5.12.1/jna-5.12.1.jar:/Users/hira.wahid/.m2/repository/org/brotli/dec/0.1.2/dec-0.1.2.jar:/Users/hira.wahid/.m2/repository/org/apache/commons/commons-lang3/3.13.0/commons-lang3-3.13.0.jar:/Users/hira.wahid/.m2/repository/org/apache/httpcomponents/client5/httpclient5/5.2.1/httpclient5-5.2.1.jar:/Users/hira.wahid/.m2/repository/org/apache/httpcomponents/core5/httpcore5/5.2/httpcore5-5.2.jar:/Users/hira.wahid/.m2/repository/org/apache/httpcomponents/core5/httpcore5-h2/5.2/httpcore5-h2-5.2.jar:/Users/hira.wahid/.m2/repository/org/testng/testng/7.7.1/testng-7.7.1.jar:/Users/hira.wahid/.m2/repository/com/beust/jcommander/1.82/jcommander-1.82.jar:/Users/hira.wahid/.m2/repository/org/webjars/jquery/3.6.1/jquery-3.6.1.jar:/Users/hira.wahid/.m2/repository/io/qameta/allure/allure-testng/2.25.0/allure-testng-2.25.0.jar:/Users/hira.wahid/.m2/repository/io/qameta/allure/allure-test-filter/2.25.0/allure-test-filter-2.25.0.jar:/Users/hira.wahid/.m2/repository/io/rest-assured/rest-assured/5.3.0/rest-assured-5.3.0.jar:/Users/hira.wahid/.m2/repository/org/apache/groovy/groovy/4.0.6/groovy-4.0.6.jar:/Users/hira.wahid/.m2/repository/org/apache/groovy/groovy-xml/4.0.6/groovy-xml-4.0.6.jar:/Users/hira.wahid/.m2/repository/org/apache/httpcomponents/httpclient/4.5.13/httpclient-4.5.13.jar:/Users/hira.wahid/.m2/repository/org/apache/httpcomponents/httpcore/4.4.13/httpcore-4.4.13.jar:/Users/hira.wahid/.m2/repository/commons-logging/commons-logging/1.2/commons-logging-1.2.jar:/Users/hira.wahid/.m2/repository/commons-codec/commons-codec/1.11/commons-codec-1.11.jar:/Users/hira.wahid/.m2/repository/org/apache/httpcomponents/httpmime/4.5.13/httpmime-4.5.13.jar:/Users/hira.wahid/.m2/repository/org/hamcrest/hamcrest/2.1/hamcrest-2.1.jar:/Users/hira.wahid/.m2/repository/org/ccil/cowan/tagsoup/tagsoup/1.2.1/tagsoup-1.2.1.jar:/Users/hira.wahid/.m2/repository/io/rest-assured/json-path/5.3.0/json-path-5.3.0.jar:/Users/hira.wahid/.m2/repository/org/apache/groovy/groovy-json/4.0.6/groovy-json-4.0.6.jar:/Users/hira.wahid/.m2/repository/io/rest-assured/rest-assured-common/5.3.0/rest-assured-common-5.3.0.jar:/Users/hira.wahid/.m2/repository/io/rest-assured/xml-path/5.3.0/xml-path-5.3.0.jar:/Users/hira.wahid/.m2/repository/org/json/json/20250107/json-20250107.jar:/Users/hira.wahid/.m2/repository/io/qameta/allure/allure-java-commons/2.25.0/allure-java-commons-2.25.0.jar:/Users/hira.wahid/.m2/repository/io/qameta/allure/allure-model/2.25.0/allure-model-2.25.0.jar:"/>
    <property name="sun.cpu.endian" value="little"/>
    <property name="user.home" value="/Users/hira.wahid"/>
    <property name="user.language" value="en"/>
    <property name="java.specification.vendor" value="Oracle Corporation"/>
    <property name="java.version.date" value="2025-01-21"/>
    <property name="java.home" value="/opt/homebrew/Cellar/openjdk/23.0.2/libexec/openjdk.jdk/Contents/Home"/>
    <property name="file.separator" value="/"/>
    <property name="basedir" value="/Users/hira.wahid/UITestFramework"/>
    <property name="java.vm.compressedOopsMode" value="Zero based"/>
    <property name="line.separator" value="&#10;"/>
    <property name="java.vm.specification.vendor" value="Oracle Corporation"/>
    <property name="java.specification.name" value="Java Platform API Specification"/>
    <property name="apple.awt.application.name" value="ForkedBooter"/>
    <property name="surefire.real.class.path" value="/Users/hira.wahid/UITestFramework/target/surefire/surefirebooter-20250421175833774_3.jar"/>
    <property name="sun.management.compiler" value="HotSpot 64-Bit Tiered Compilers"/>
    <property name="java.runtime.version" value="23.0.2"/>
    <property name="user.name" value="hira.wahid"/>
    <property name="stdout.encoding" value="UTF-8"/>
    <property name="path.separator" value=":"/>
    <property name="os.version" value="14.5"/>
    <property name="java.runtime.name" value="OpenJDK Runtime Environment"/>
    <property name="file.encoding" value="UTF-8"/>
    <property name="java.vm.name" value="OpenJDK 64-Bit Server VM"/>
    <property name="java.vendor.version" value="Homebrew"/>
    <property name="localRepository" value="/Users/hira.wahid/.m2/repository"/>
    <property name="java.vendor.url.bug" value="https://github.com/Homebrew/homebrew-core/issues"/>
    <property name="java.io.tmpdir" value="/var/folders/wl/zpw609m9197gl89j9x1hn63w0000gr/T/"/>
    <property name="java.version" value="23.0.2"/>
    <property name="user.dir" value="/Users/hira.wahid/UITestFramework"/>
    <property name="os.arch" value="aarch64"/>
    <property name="webdriver.gecko.driver" value="/Users/hira.wahid/.cache/selenium/geckodriver/mac-arm64/0.31.0/geckodriver"/>
    <property name="java.vm.specification.name" value="Java Virtual Machine Specification"/>
    <property name="native.encoding" value="UTF-8"/>
    <property name="java.library.path" value="/Users/hira.wahid/Library/Java/Extensions:/Library/Java/Extensions:/Network/Library/Java/Extensions:/System/Library/Java/Extensions:/usr/lib/java:."/>
    <property name="java.vm.info" value="mixed mode, sharing"/>
    <property name="stderr.encoding" value="UTF-8"/>
    <property name="java.vendor" value="Homebrew"/>
    <property name="java.vm.version" value="23.0.2"/>
    <property name="sun.io.unicode.encoding" value="UnicodeBig"/>
    <property name="java.class.version" value="67.0"/>
  </properties>
  <testcase name="test_AdminPage" classname="selenium.UITests" time="3.571">
    <failure message="null" type="java.lang.AssertionError"><![CDATA[java.lang.AssertionError: null
	at org.testng.Assert.fail(Assert.java:110)
	at org.testng.Assert.fail(Assert.java:115)
	at selenium.UITests.test_AdminPage(UITests.java:53)
	at java.base/jdk.internal.reflect.DirectMethodHandleAccessor.invoke(DirectMethodHandleAccessor.java:103)
	at java.base/java.lang.reflect.Method.invoke(Method.java:580)
	at org.testng.internal.invokers.MethodInvocationHelper.invokeMethod(MethodInvocationHelper.java:139)
	at org.testng.internal.invokers.TestInvoker.invokeMethod(TestInvoker.java:677)
	at org.testng.internal.invokers.TestInvoker.invokeTestMethod(TestInvoker.java:221)
	at org.testng.internal.invokers.MethodRunner.runInSequence(MethodRunner.java:50)
	at org.testng.internal.invokers.TestInvoker$MethodInvocationAgent.invoke(TestInvoker.java:969)
	at org.testng.internal.invokers.TestInvoker.invokeTestMethods(TestInvoker.java:194)
	at org.testng.internal.invokers.TestMethodWorker.invokeTestMethods(TestMethodWorker.java:148)
	at org.testng.internal.invokers.TestMethodWorker.run(TestMethodWorker.java:128)
	at java.base/java.util.ArrayList.forEach(ArrayList.java:1597)
	at org.testng.TestRunner.privateRun(TestRunner.java:829)
	at org.testng.TestRunner.run(TestRunner.java:602)
	at org.testng.SuiteRunner.runTest(SuiteRunner.java:437)
	at org.testng.SuiteRunner$SuiteWorker.run(SuiteRunner.java:475)
	at org.testng.internal.thread.ThreadUtil.lambda$execute$0(ThreadUtil.java:58)
	at java.base/java.util.concurrent.FutureTask.run(FutureTask.java:317)
	at java.base/java.util.concurrent.ThreadPoolExecutor.runWorker(ThreadPoolExecutor.java:1144)
	at java.base/java.util.concurrent.ThreadPoolExecutor$Worker.run(ThreadPoolExecutor.java:642)
	at java.base/java.lang.Thread.run(Thread.java:1575)
]]></failure>
    <system-out><![CDATA[17:58:34 [main] WARN  org.testng.TestNG - Ignoring duplicate listener : io.qameta.allure.testng.AllureTestNg
17:58:34 [main] WARN  org.testng.TestNG - Ignoring duplicate listener : io.qameta.allure.testng.AllureTestNg
17:58:34 [main] WARN  org.testng.TestNG - Ignoring duplicate listener : io.qameta.allure.testng.AllureTestNg
17:58:34 [TestNG-tests-1] INFO  io.github.bonigarcia.wdm.WebDriverManager - Using geckodriver 0.31.0 (resolved driver for Firefox 96)
17:58:34 [TestNG-tests-1] INFO  io.github.bonigarcia.wdm.WebDriverManager - Exporting webdriver.gecko.driver as /Users/hira.wahid/.cache/selenium/geckodriver/mac-arm64/0.31.0/geckodriver
17:58:36 [TestNG-tests-1] INFO  Firefox-37 - running before test
17:58:36 [TestNG-tests-1] INFO  Firefox-37 - 🔹 Running login test with base URL: https://opensource-demo.orangehrmlive.com/web/index.php/auth/login
17:58:38 [TestNG-tests-1] INFO  Firefox-37 - running before method
17:58:38 [TestNG-tests-1] INFO  Firefox-37 - Logging In...
17:58:40 [TestNG-tests-1] INFO  Firefox-37 - test_Admin page
all window handles: [a86c3a2f-052a-44ca-bf1d-c398f3cc9d2c, d015d705-5520-4865-90b3-8c15180ab5b0]
17:58:44 [TestNG-tests-1] INFO  Firefox-37 - Taking screenshot: on testFailure event 
successfully captured screenshot
]]></system-out>
    <system-err><![CDATA[1745247514840	geckodriver	INFO	Listening on 127.0.0.1:55036
1745247514986	mozrunner::runner	INFO	Running command: "/Applications/Firefox.app/Contents/MacOS/firefox-bin" "--marionette" "-headless" "--remote-debugging-port" "53585" "--remote-allow-hosts" "localhost" "--remote-allow-origins" "http://localhost:53585/" "-foreground" "-no-remote" "-profile" "/var/folders/wl/zpw609m9197gl89j9x1hn63w0000gr/T/rust_mozprofilevxtg8N"
*** You are running in headless mode.
1745247515401	Marionette	INFO	Marionette enabled
[GFX1-]: RenderCompositorSWGL failed mapping default framebuffer, no dt
console.warn: SearchSettings: "get: No settings file exists, new profile?" (new NotFoundError("Could not open the file at /var/folders/wl/zpw609m9197gl89j9x1hn63w0000gr/T/rust_mozprofilevxtg8N/search.json.mozlz4", (void 0)))
console.error: BackgroundUpdate: 
  _reasonsToNotScheduleUpdates: Failed to check for Maintenance Service Registry Key: [Exception... "Component returned failure code: 0x80004001 (NS_ERROR_NOT_IMPLEMENTED) [nsIUpdateProcessor.getServiceRegKeyExists]"  nsresult: "0x80004001 (NS_ERROR_NOT_IMPLEMENTED)"  location: "JS frame :: resource://gre/modules/BackgroundUpdate.jsm :: _reasonsToNotScheduleUpdates :: line 243"  data: no]
DevTools listening on ws://localhost:53585/devtools/browser/2dfbae5b-62c6-4395-ae62-3206f7e7c750
1745247516504	Marionette	INFO	Listening on port 49590
Read port: 49590
1745247516541	RemoteAgent	WARN	TLS certificate errors will be ignored for this session
Apr 21, 2025 5:58:36 PM org.openqa.selenium.remote.ProtocolHandshake createSession
INFO: Detected upstream dialect: W3C
console.error: services.settings: 
  main/query-stripping Signature failed  InvalidSignatureError: Invalid content signature (main/query-stripping)
console.error: services.settings: 
  main/query-stripping local data was corrupted
console.warn: services.settings: main/query-stripping Signature verified failed. Retry from scratch
console.error: services.settings: 
  main/query-stripping Signature failed again InvalidSignatureError: Invalid content signature (main/query-stripping)
console.warn: LoginRecipes: "getRecipes: falling back to a synchronous message for:" "https://opensource-demo.orangehrmlive.com"
console.warn: LoginRecipes: "getRecipes: falling back to a synchronous message for:" "https://opensource-demo.orangehrmlive.com"
JavaScript error: resource://gre/modules/LoginManagerParent.jsm, line 136: TypeError: gRecipeManager is null
]]></system-err>
  </testcase>
  <testcase name="test_Buzz" classname="selenium.UITests" time="1.102">
    <system-out><![CDATA[17:58:44 [TestNG-tests-1] INFO  Firefox-37 - after test
17:58:44 [TestNG-tests-1] INFO  Firefox-37 - attaching screenshot
17:58:44 [TestNG-tests-1] INFO  io.github.bonigarcia.wdm.WebDriverManager - Using geckodriver 0.31.0 (resolved driver for Firefox 96)
17:58:44 [TestNG-tests-1] INFO  io.github.bonigarcia.wdm.WebDriverManager - Exporting webdriver.gecko.driver as /Users/hira.wahid/.cache/selenium/geckodriver/mac-arm64/0.31.0/geckodriver
17:58:46 [TestNG-tests-1] INFO  Firefox-37 - running before test
17:58:46 [TestNG-tests-1] INFO  Firefox-37 - 🔹 Running login test with base URL: https://opensource-demo.orangehrmlive.com/web/index.php/auth/login
17:58:48 [TestNG-tests-1] INFO  Firefox-37 - running before method
17:58:48 [TestNG-tests-1] INFO  Firefox-37 - Logging In...
17:58:50 [TestNG-tests-1] INFO  Firefox-37 - test_buzz
]]></system-out>
    <system-err><![CDATA[1745247524450	Marionette	INFO	Stopped listening on port 49590
1745247525016	geckodriver	INFO	Listening on 127.0.0.1:57637
1745247525025	mozrunner::runner	INFO	Running command: "/Applications/Firefox.app/Contents/MacOS/firefox-bin" "--marionette" "-headless" "--remote-debugging-port" "55892" "--remote-allow-hosts" "localhost" "--remote-allow-origins" "http://localhost:55892/" "-foreground" "-no-remote" "-profile" "/var/folders/wl/zpw609m9197gl89j9x1hn63w0000gr/T/rust_mozprofileDmdg7B"
*** You are running in headless mode.
1745247525307	Marionette	INFO	Marionette enabled
[GFX1-]: RenderCompositorSWGL failed mapping default framebuffer, no dt
console.warn: SearchSettings: "get: No settings file exists, new profile?" (new NotFoundError("Could not open the file at /var/folders/wl/zpw609m9197gl89j9x1hn63w0000gr/T/rust_mozprofileDmdg7B/search.json.mozlz4", (void 0)))
console.error: BackgroundUpdate: 
  _reasonsToNotScheduleUpdates: Failed to check for Maintenance Service Registry Key: [Exception... "Component returned failure code: 0x80004001 (NS_ERROR_NOT_IMPLEMENTED) [nsIUpdateProcessor.getServiceRegKeyExists]"  nsresult: "0x80004001 (NS_ERROR_NOT_IMPLEMENTED)"  location: "JS frame :: resource://gre/modules/BackgroundUpdate.jsm :: _reasonsToNotScheduleUpdates :: line 243"  data: no]
DevTools listening on ws://localhost:55892/devtools/browser/ac1fb6a9-4310-44d3-b3e6-19b00c768fdb
1745247526231	Marionette	INFO	Listening on port 50130
Read port: 50130
1745247526270	RemoteAgent	WARN	TLS certificate errors will be ignored for this session
Apr 21, 2025 5:58:46 PM org.openqa.selenium.remote.ProtocolHandshake createSession
INFO: Detected upstream dialect: W3C
console.error: services.settings: 
  main/query-stripping Signature failed  InvalidSignatureError: Invalid content signature (main/query-stripping)
console.error: services.settings: 
  main/query-stripping local data was corrupted
console.warn: services.settings: main/query-stripping Signature verified failed. Retry from scratch
console.error: services.settings: 
  main/query-stripping Signature failed again InvalidSignatureError: Invalid content signature (main/query-stripping)
console.warn: LoginRecipes: "getRecipes: falling back to a synchronous message for:" "https://opensource-demo.orangehrmlive.com"
console.warn: LoginRecipes: "getRecipes: falling back to a synchronous message for:" "https://opensource-demo.orangehrmlive.com"
JavaScript error: resource://gre/modules/LoginManagerParent.jsm, line 136: TypeError: gRecipeManager is null
]]></system-err>
  </testcase>
  <testcase name="test_EmployeeAlert" classname="selenium.UITests" time="3.58">
    <system-out><![CDATA[17:58:51 [TestNG-tests-1] INFO  Firefox-37 - after test
17:58:51 [TestNG-tests-1] INFO  Firefox-37 - attaching screenshot
17:58:52 [TestNG-tests-1] INFO  io.github.bonigarcia.wdm.WebDriverManager - Using geckodriver 0.31.0 (resolved driver for Firefox 96)
17:58:52 [TestNG-tests-1] INFO  io.github.bonigarcia.wdm.WebDriverManager - Exporting webdriver.gecko.driver as /Users/hira.wahid/.cache/selenium/geckodriver/mac-arm64/0.31.0/geckodriver
17:58:53 [TestNG-tests-1] INFO  Firefox-37 - running before test
17:58:53 [TestNG-tests-1] INFO  Firefox-37 - 🔹 Running login test with base URL: https://opensource-demo.orangehrmlive.com/web/index.php/auth/login
17:58:55 [TestNG-tests-1] INFO  Firefox-37 - running before method
17:58:55 [TestNG-tests-1] INFO  Firefox-37 - Logging In...
17:58:57 [TestNG-tests-1] INFO  Firefox-37 - test_employee alert
alert found
Custom alert found with text: ×
Employees on Leave Today
Configurations
Only show accessible employees on leave for other users
Cancel
Save
false
false
]]></system-out>
    <system-err><![CDATA[1745247531674	Marionette	INFO	Stopped listening on port 50130

###!!! [Child][RunMessage] Error: Channel closing: too late to send/recv, messages will be lost


###!!! [Parent][RunMessage] Error: Channel closing: too late to send/recv, messages will be lost

1745247532333	geckodriver	INFO	Listening on 127.0.0.1:57960
1745247532342	mozrunner::runner	INFO	Running command: "/Applications/Firefox.app/Contents/MacOS/firefox-bin" "--marionette" "-headless" "--remote-debugging-port" "58638" "--remote-allow-hosts" "localhost" "--remote-allow-origins" "http://localhost:58638/" "-foreground" "-no-remote" "-profile" "/var/folders/wl/zpw609m9197gl89j9x1hn63w0000gr/T/rust_mozprofilefB3Pu5"
*** You are running in headless mode.
1745247532625	Marionette	INFO	Marionette enabled
[GFX1-]: RenderCompositorSWGL failed mapping default framebuffer, no dt
console.warn: SearchSettings: "get: No settings file exists, new profile?" (new NotFoundError("Could not open the file at /var/folders/wl/zpw609m9197gl89j9x1hn63w0000gr/T/rust_mozprofilefB3Pu5/search.json.mozlz4", (void 0)))
console.error: BackgroundUpdate: 
  _reasonsToNotScheduleUpdates: Failed to check for Maintenance Service Registry Key: [Exception... "Component returned failure code: 0x80004001 (NS_ERROR_NOT_IMPLEMENTED) [nsIUpdateProcessor.getServiceRegKeyExists]"  nsresult: "0x80004001 (NS_ERROR_NOT_IMPLEMENTED)"  location: "JS frame :: resource://gre/modules/BackgroundUpdate.jsm :: _reasonsToNotScheduleUpdates :: line 243"  data: no]
DevTools listening on ws://localhost:58638/devtools/browser/8897d32d-b651-4eba-8e22-f91f064855ee
1745247533572	Marionette	INFO	Listening on port 54950
Read port: 54950
1745247533584	RemoteAgent	WARN	TLS certificate errors will be ignored for this session
Apr 21, 2025 5:58:53 PM org.openqa.selenium.remote.ProtocolHandshake createSession
INFO: Detected upstream dialect: W3C
console.error: services.settings: 
  main/query-stripping Signature failed  InvalidSignatureError: Invalid content signature (main/query-stripping)
console.error: services.settings: 
  main/query-stripping local data was corrupted
console.warn: services.settings: main/query-stripping Signature verified failed. Retry from scratch
console.error: services.settings: 
  main/query-stripping Signature failed again InvalidSignatureError: Invalid content signature (main/query-stripping)
console.warn: LoginRecipes: "getRecipes: falling back to a synchronous message for:" "https://opensource-demo.orangehrmlive.com"
console.warn: LoginRecipes: "getRecipes: falling back to a synchronous message for:" "https://opensource-demo.orangehrmlive.com"
JavaScript error: resource://gre/modules/LoginManagerParent.jsm, line 136: TypeError: gRecipeManager is null
]]></system-err>
  </testcase>
  <testcase name="test_upgradePage" classname="selenium.UITests" time="2.154">
    <failure message="null" type="java.lang.AssertionError"><![CDATA[java.lang.AssertionError: null
	at org.testng.Assert.fail(Assert.java:110)
	at org.testng.Assert.fail(Assert.java:115)
	at selenium.UITests.test_upgradePage(UITests.java:44)
	at java.base/jdk.internal.reflect.DirectMethodHandleAccessor.invoke(DirectMethodHandleAccessor.java:103)
	at java.base/java.lang.reflect.Method.invoke(Method.java:580)
	at org.testng.internal.invokers.MethodInvocationHelper.invokeMethod(MethodInvocationHelper.java:139)
	at org.testng.internal.invokers.TestInvoker.invokeMethod(TestInvoker.java:677)
	at org.testng.internal.invokers.TestInvoker.invokeTestMethod(TestInvoker.java:221)
	at org.testng.internal.invokers.MethodRunner.runInSequence(MethodRunner.java:50)
	at org.testng.internal.invokers.TestInvoker$MethodInvocationAgent.invoke(TestInvoker.java:969)
	at org.testng.internal.invokers.TestInvoker.invokeTestMethods(TestInvoker.java:194)
	at org.testng.internal.invokers.TestMethodWorker.invokeTestMethods(TestMethodWorker.java:148)
	at org.testng.internal.invokers.TestMethodWorker.run(TestMethodWorker.java:128)
	at java.base/java.util.ArrayList.forEach(ArrayList.java:1597)
	at org.testng.TestRunner.privateRun(TestRunner.java:829)
	at org.testng.TestRunner.run(TestRunner.java:602)
	at org.testng.SuiteRunner.runTest(SuiteRunner.java:437)
	at org.testng.SuiteRunner$SuiteWorker.run(SuiteRunner.java:475)
	at org.testng.internal.thread.ThreadUtil.lambda$execute$0(ThreadUtil.java:58)
	at java.base/java.util.concurrent.FutureTask.run(FutureTask.java:317)
	at java.base/java.util.concurrent.ThreadPoolExecutor.runWorker(ThreadPoolExecutor.java:1144)
	at java.base/java.util.concurrent.ThreadPoolExecutor$Worker.run(ThreadPoolExecutor.java:642)
	at java.base/java.lang.Thread.run(Thread.java:1575)
]]></failure>
    <system-out><![CDATA[17:59:01 [TestNG-tests-1] INFO  Firefox-37 - after test
17:59:01 [TestNG-tests-1] INFO  Firefox-37 - attaching screenshot
17:59:01 [TestNG-tests-1] INFO  io.github.bonigarcia.wdm.WebDriverManager - Using geckodriver 0.31.0 (resolved driver for Firefox 96)
17:59:01 [TestNG-tests-1] INFO  io.github.bonigarcia.wdm.WebDriverManager - Exporting webdriver.gecko.driver as /Users/hira.wahid/.cache/selenium/geckodriver/mac-arm64/0.31.0/geckodriver
17:59:03 [TestNG-tests-1] INFO  Firefox-37 - running before test
17:59:03 [TestNG-tests-1] INFO  Firefox-37 - 🔹 Running login test with base URL: https://opensource-demo.orangehrmlive.com/web/index.php/auth/login
17:59:05 [TestNG-tests-1] INFO  Firefox-37 - running before method
17:59:05 [TestNG-tests-1] INFO  Firefox-37 - Logging In...
17:59:07 [TestNG-tests-1] INFO  Firefox-37 - test_upgradePage

Username
User Role
Employee Name
Status
Actions
17:59:09 [TestNG-tests-1] INFO  Firefox-37 - Taking screenshot: on testFailure event 
successfully captured screenshot
]]></system-out>
    <system-err><![CDATA[1745247541212	Marionette	INFO	Stopped listening on port 54950
1745247541830	geckodriver	INFO	Listening on 127.0.0.1:52009
1745247541839	mozrunner::runner	INFO	Running command: "/Applications/Firefox.app/Contents/MacOS/firefox-bin" "--marionette" "-headless" "--remote-debugging-port" "58242" "--remote-allow-hosts" "localhost" "--remote-allow-origins" "http://localhost:58242/" "-foreground" "-no-remote" "-profile" "/var/folders/wl/zpw609m9197gl89j9x1hn63w0000gr/T/rust_mozprofilefGRcPX"
*** You are running in headless mode.
1745247542123	Marionette	INFO	Marionette enabled
[GFX1-]: RenderCompositorSWGL failed mapping default framebuffer, no dt
console.warn: SearchSettings: "get: No settings file exists, new profile?" (new NotFoundError("Could not open the file at /var/folders/wl/zpw609m9197gl89j9x1hn63w0000gr/T/rust_mozprofilefGRcPX/search.json.mozlz4", (void 0)))
console.error: BackgroundUpdate: 
  _reasonsToNotScheduleUpdates: Failed to check for Maintenance Service Registry Key: [Exception... "Component returned failure code: 0x80004001 (NS_ERROR_NOT_IMPLEMENTED) [nsIUpdateProcessor.getServiceRegKeyExists]"  nsresult: "0x80004001 (NS_ERROR_NOT_IMPLEMENTED)"  location: "JS frame :: resource://gre/modules/BackgroundUpdate.jsm :: _reasonsToNotScheduleUpdates :: line 243"  data: no]
DevTools listening on ws://localhost:58242/devtools/browser/d822cd10-dc2d-4cc9-be97-9fa8a929cbd5
1745247543023	Marionette	INFO	Listening on port 60098
Read port: 60098
1745247543075	RemoteAgent	WARN	TLS certificate errors will be ignored for this session
Apr 21, 2025 5:59:03 PM org.openqa.selenium.remote.ProtocolHandshake createSession
INFO: Detected upstream dialect: W3C
console.error: services.settings: 
  main/query-stripping Signature failed  InvalidSignatureError: Invalid content signature (main/query-stripping)
console.error: services.settings: 
  main/query-stripping local data was corrupted
console.warn: services.settings: main/query-stripping Signature verified failed. Retry from scratch
console.error: services.settings: 
  main/query-stripping Signature failed again InvalidSignatureError: Invalid content signature (main/query-stripping)
console.warn: LoginRecipes: "getRecipes: falling back to a synchronous message for:" "https://opensource-demo.orangehrmlive.com"
console.warn: LoginRecipes: "getRecipes: falling back to a synchronous message for:" "https://opensource-demo.orangehrmlive.com"
JavaScript error: resource://gre/modules/LoginManagerParent.jsm, line 136: TypeError: gRecipeManager is null
JavaScript error: , line 0: uncaught exception: Object
JavaScript error: , line 0: uncaught exception: Object
JavaScript error: , line 0: uncaught exception: Object
JavaScript error: , line 0: uncaught exception: Object
JavaScript error: , line 0: uncaught exception: Object
JavaScript error: , line 0: uncaught exception: Object
JavaScript error: , line 0: uncaught exception: Object
JavaScript error: , line 0: uncaught exception: Object
]]></system-err>
  </testcase>
  <testcase name="test_invalid_login" classname="selenium.LoginTest" time="2.195">
    <system-out><![CDATA[17:59:09 [TestNG-tests-1] INFO  Firefox-37 - after test
17:59:09 [TestNG-tests-1] INFO  Firefox-37 - attaching screenshot
17:59:09 [TestNG-tests-1] INFO  Firefox-37 - after class
17:59:09 [TestNG-tests-1] INFO  io.github.bonigarcia.wdm.WebDriverManager - Using geckodriver 0.31.0 (resolved driver for Firefox 96)
17:59:09 [TestNG-tests-1] INFO  io.github.bonigarcia.wdm.WebDriverManager - Exporting webdriver.gecko.driver as /Users/hira.wahid/.cache/selenium/geckodriver/mac-arm64/0.31.0/geckodriver
17:59:11 [TestNG-tests-1] INFO  Firefox-37 - running before test
17:59:11 [TestNG-tests-1] INFO  Firefox-37 - 🔹 Running login test with base URL: https://opensource-demo.orangehrmlive.com/web/index.php/auth/login
]]></system-out>
    <system-err><![CDATA[1745247549263	Marionette	INFO	Stopped listening on port 60098

###!!! [Parent][RunMessage] Error: Channel closing: too late to send/recv, messages will be lost

1745247549722	geckodriver	INFO	Listening on 127.0.0.1:52830
1745247549761	mozrunner::runner	INFO	Running command: "/Applications/Firefox.app/Contents/MacOS/firefox-bin" "--marionette" "-headless" "--remote-debugging-port" "50272" "--remote-allow-hosts" "localhost" "--remote-allow-origins" "http://localhost:50272/" "-foreground" "-no-remote" "-profile" "/var/folders/wl/zpw609m9197gl89j9x1hn63w0000gr/T/rust_mozprofileYcuLpT"
*** You are running in headless mode.
1745247550048	Marionette	INFO	Marionette enabled
[GFX1-]: RenderCompositorSWGL failed mapping default framebuffer, no dt
console.warn: SearchSettings: "get: No settings file exists, new profile?" (new NotFoundError("Could not open the file at /var/folders/wl/zpw609m9197gl89j9x1hn63w0000gr/T/rust_mozprofileYcuLpT/search.json.mozlz4", (void 0)))
console.error: BackgroundUpdate: 
  _reasonsToNotScheduleUpdates: Failed to check for Maintenance Service Registry Key: [Exception... "Component returned failure code: 0x80004001 (NS_ERROR_NOT_IMPLEMENTED) [nsIUpdateProcessor.getServiceRegKeyExists]"  nsresult: "0x80004001 (NS_ERROR_NOT_IMPLEMENTED)"  location: "JS frame :: resource://gre/modules/BackgroundUpdate.jsm :: _reasonsToNotScheduleUpdates :: line 243"  data: no]
DevTools listening on ws://localhost:50272/devtools/browser/d54ff89d-0d9e-49fc-833c-ea8f0b684208
1745247550977	Marionette	INFO	Listening on port 60848
Read port: 60848
1745247550992	RemoteAgent	WARN	TLS certificate errors will be ignored for this session
Apr 21, 2025 5:59:10 PM org.openqa.selenium.remote.ProtocolHandshake createSession
INFO: Detected upstream dialect: W3C
console.error: services.settings: 
  main/query-stripping Signature failed  InvalidSignatureError: Invalid content signature (main/query-stripping)
console.error: services.settings: 
  main/query-stripping local data was corrupted
console.warn: services.settings: main/query-stripping Signature verified failed. Retry from scratch
console.error: services.settings: 
  main/query-stripping Signature failed again InvalidSignatureError: Invalid content signature (main/query-stripping)
console.warn: LoginRecipes: "getRecipes: falling back to a synchronous message for:" "https://opensource-demo.orangehrmlive.com"
console.warn: LoginRecipes: "getRecipes: falling back to a synchronous message for:" "https://opensource-demo.orangehrmlive.com"
JavaScript error: resource://gre/modules/LoginManagerParent.jsm, line 136: TypeError: gRecipeManager is null
]]></system-err>
  </testcase>
  <testcase name="test_valid_login" classname="selenium.LoginTest" time="2.555">
    <system-out><![CDATA[17:59:15 [TestNG-tests-1] INFO  Firefox-37 - after test
17:59:15 [TestNG-tests-1] INFO  Firefox-37 - attaching screenshot
17:59:16 [TestNG-tests-1] INFO  io.github.bonigarcia.wdm.WebDriverManager - Using geckodriver 0.31.0 (resolved driver for Firefox 96)
17:59:16 [TestNG-tests-1] INFO  io.github.bonigarcia.wdm.WebDriverManager - Exporting webdriver.gecko.driver as /Users/hira.wahid/.cache/selenium/geckodriver/mac-arm64/0.31.0/geckodriver
17:59:17 [TestNG-tests-1] INFO  Firefox-37 - running before test
17:59:17 [TestNG-tests-1] INFO  Firefox-37 - 🔹 Running login test with base URL: https://opensource-demo.orangehrmlive.com/web/index.php/auth/login
]]></system-out>
    <system-err><![CDATA[1745247555628	Marionette	INFO	Stopped listening on port 60848

###!!! [Parent][RunMessage] Error: Channel closing: too late to send/recv, messages will be lost

1745247556159	geckodriver	INFO	Listening on 127.0.0.1:50502
1745247556167	mozrunner::runner	INFO	Running command: "/Applications/Firefox.app/Contents/MacOS/firefox-bin" "--marionette" "-headless" "--remote-debugging-port" "50316" "--remote-allow-hosts" "localhost" "--remote-allow-origins" "http://localhost:50316/" "-foreground" "-no-remote" "-profile" "/var/folders/wl/zpw609m9197gl89j9x1hn63w0000gr/T/rust_mozprofileqLd3UH"
*** You are running in headless mode.
1745247556442	Marionette	INFO	Marionette enabled
[GFX1-]: RenderCompositorSWGL failed mapping default framebuffer, no dt
console.warn: SearchSettings: "get: No settings file exists, new profile?" (new NotFoundError("Could not open the file at /var/folders/wl/zpw609m9197gl89j9x1hn63w0000gr/T/rust_mozprofileqLd3UH/search.json.mozlz4", (void 0)))
console.error: BackgroundUpdate: 
  _reasonsToNotScheduleUpdates: Failed to check for Maintenance Service Registry Key: [Exception... "Component returned failure code: 0x80004001 (NS_ERROR_NOT_IMPLEMENTED) [nsIUpdateProcessor.getServiceRegKeyExists]"  nsresult: "0x80004001 (NS_ERROR_NOT_IMPLEMENTED)"  location: "JS frame :: resource://gre/modules/BackgroundUpdate.jsm :: _reasonsToNotScheduleUpdates :: line 243"  data: no]
DevTools listening on ws://localhost:50316/devtools/browser/e760d735-e250-41e2-b355-b53b5d6d2e24
1745247557359	Marionette	INFO	Listening on port 63815
Read port: 63815
1745247557403	RemoteAgent	WARN	TLS certificate errors will be ignored for this session
Apr 21, 2025 5:59:17 PM org.openqa.selenium.remote.ProtocolHandshake createSession
INFO: Detected upstream dialect: W3C
console.error: services.settings: 
  main/query-stripping Signature failed  InvalidSignatureError: Invalid content signature (main/query-stripping)
console.error: services.settings: 
  main/query-stripping local data was corrupted
console.warn: services.settings: main/query-stripping Signature verified failed. Retry from scratch
console.error: services.settings: 
  main/query-stripping Signature failed again InvalidSignatureError: Invalid content signature (main/query-stripping)
console.warn: LoginRecipes: "getRecipes: falling back to a synchronous message for:" "https://opensource-demo.orangehrmlive.com"
console.warn: LoginRecipes: "getRecipes: falling back to a synchronous message for:" "https://opensource-demo.orangehrmlive.com"
JavaScript error: resource://gre/modules/LoginManagerParent.jsm, line 136: TypeError: gRecipeManager is null
]]></system-err>
  </testcase>
  <testcase name="test_forgot_Login" classname="selenium.LoginTest" time="2.235">
    <system-out><![CDATA[17:59:22 [TestNG-tests-1] INFO  Firefox-37 - after test
17:59:22 [TestNG-tests-1] INFO  Firefox-37 - attaching screenshot
17:59:22 [TestNG-tests-1] INFO  io.github.bonigarcia.wdm.WebDriverManager - Using geckodriver 0.31.0 (resolved driver for Firefox 96)
17:59:22 [TestNG-tests-1] INFO  io.github.bonigarcia.wdm.WebDriverManager - Exporting webdriver.gecko.driver as /Users/hira.wahid/.cache/selenium/geckodriver/mac-arm64/0.31.0/geckodriver
17:59:24 [TestNG-tests-1] INFO  Firefox-37 - running before test
17:59:24 [TestNG-tests-1] INFO  Firefox-37 - 🔹 Running login test with base URL: https://opensource-demo.orangehrmlive.com/web/index.php/auth/login
]]></system-out>
    <system-err><![CDATA[1745247562337	Marionette	INFO	Stopped listening on port 63815

###!!! [Parent][RunMessage] Error: Channel closing: too late to send/recv, messages will be lost

1745247562788	geckodriver	INFO	Listening on 127.0.0.1:57094
1745247562800	mozrunner::runner	INFO	Running command: "/Applications/Firefox.app/Contents/MacOS/firefox-bin" "--marionette" "-headless" "--remote-debugging-port" "56889" "--remote-allow-hosts" "localhost" "--remote-allow-origins" "http://localhost:56889/" "-foreground" "-no-remote" "-profile" "/var/folders/wl/zpw609m9197gl89j9x1hn63w0000gr/T/rust_mozprofilegkc9kT"
*** You are running in headless mode.
1745247563082	Marionette	INFO	Marionette enabled
[GFX1-]: RenderCompositorSWGL failed mapping default framebuffer, no dt
console.warn: SearchSettings: "get: No settings file exists, new profile?" (new NotFoundError("Could not open the file at /var/folders/wl/zpw609m9197gl89j9x1hn63w0000gr/T/rust_mozprofilegkc9kT/search.json.mozlz4", (void 0)))
console.error: BackgroundUpdate: 
  _reasonsToNotScheduleUpdates: Failed to check for Maintenance Service Registry Key: [Exception... "Component returned failure code: 0x80004001 (NS_ERROR_NOT_IMPLEMENTED) [nsIUpdateProcessor.getServiceRegKeyExists]"  nsresult: "0x80004001 (NS_ERROR_NOT_IMPLEMENTED)"  location: "JS frame :: resource://gre/modules/BackgroundUpdate.jsm :: _reasonsToNotScheduleUpdates :: line 243"  data: no]
DevTools listening on ws://localhost:56889/devtools/browser/0369e38f-77aa-4fae-a338-5e649dda570b
1745247563986	Marionette	INFO	Listening on port 64478
Read port: 64478
1745247564045	RemoteAgent	WARN	TLS certificate errors will be ignored for this session
Apr 21, 2025 5:59:24 PM org.openqa.selenium.remote.ProtocolHandshake createSession
INFO: Detected upstream dialect: W3C
console.error: services.settings: 
  main/query-stripping Signature failed  InvalidSignatureError: Invalid content signature (main/query-stripping)
console.error: services.settings: 
  main/query-stripping local data was corrupted
console.warn: services.settings: main/query-stripping Signature verified failed. Retry from scratch
console.error: services.settings: 
  main/query-stripping Signature failed again InvalidSignatureError: Invalid content signature (main/query-stripping)
console.warn: LoginRecipes: "getRecipes: falling back to a synchronous message for:" "https://opensource-demo.orangehrmlive.com"
console.warn: LoginRecipes: "getRecipes: falling back to a synchronous message for:" "https://opensource-demo.orangehrmlive.com"
console.warn: LoginRecipes: "getRecipes: falling back to a synchronous message for:" "https://opensource-demo.orangehrmlive.com"
]]></system-err>
  </testcase>
</testsuite>