<?xml version="1.0" encoding="UTF-8"?>
<!-- Generated by org.testng.reporters.JUnitReportReporter -->
<testsuite hostname="RUHHQMDD-MB003" failures="0" tests="3" name="selenium.LoginTest" time="19.332" errors="0" timestamp="2025-04-21T17:59:29 GMT+03:00" skipped="0">
  <testcase classname="selenium.LoginTest" name="test_invalid_login" time="6.251"/>
  <system-out/>
  <testcase classname="selenium.LoginTest" name="test_valid_login" time="6.700"/>
  <system-out/>
  <testcase classname="selenium.LoginTest" name="test_forgot_Login" time="6.381"/>
  <system-out/>
</testsuite> <!-- selenium.LoginTest -->
